-------------------------------------------------------------------------------
Test set: com.russ.springbootmall.controller.ProductControllerTest
-------------------------------------------------------------------------------
Tests run: 13, Failures: 1, Errors: 0, Skipped: 0, Time elapsed: 3.334 s <<< FAILURE! - in com.russ.springbootmall.controller.ProductControllerTest
getProduct_success  Time elapsed: 0.015 s  <<< FAILURE!
java.lang.AssertionError: 
JSON path "$.productName"
Expected: "蘋果(澳洲)"
     but: was "����(瞉單散)"
	at com.russ.springbootmall.controller.ProductControllerTest.getProduct_success(ProductControllerTest.java:39)

